<?xml version="1.0" encoding="UTF-8"?>
<testsuite name="pt.up.fe.comp.cp2.JasminTest" tests="4" skipped="0" failures="0" errors="0" timestamp="2023-04-27T08:02:17" hostname="fabio" time="1.168">
  <properties/>
  <testcase name="ollirToJasminArithmetics" classname="pt.up.fe.comp.cp2.JasminTest" time="0.731"/>
  <testcase name="ollirToJasminFields" classname="pt.up.fe.comp.cp2.JasminTest" time="0.17"/>
  <testcase name="ollirToJasminInvoke" classname="pt.up.fe.comp.cp2.JasminTest" time="0.125"/>
  <testcase name="ollirToJasminBasic" classname="pt.up.fe.comp.cp2.JasminTest" time="0.138"/>
  <system-out><![CDATA[]]></system-out>
  <system-err><![CDATA[]]></system-err>
</testsuite>
